\BOOKMARK [0][-]{chapter*.1}{Abstract}{}% 1
\BOOKMARK [0][-]{chapter*.2}{Acknowledgements}{}% 2
\BOOKMARK [0][-]{chapter*.3}{Abbreviations}{}% 3
\BOOKMARK [0][-]{chapter*.4}{Glossary}{}% 4
\BOOKMARK [0][-]{chapter*.5}{Nomenclature}{}% 5
\BOOKMARK [0][-]{chapter.1}{Introduction and Objective of the Study}{}% 6
\BOOKMARK [1][-]{section.1.1}{Introduction}{chapter.1}% 7
\BOOKMARK [2][-]{subsection.1.1.1}{Parameter Identification}{section.1.1}% 8
\BOOKMARK [1][-]{section.1.2}{Objective of the Study}{chapter.1}% 9
\BOOKMARK [1][-]{section.1.3}{How This Thesis is Organized}{chapter.1}% 10
\BOOKMARK [-1][-]{part.1}{I Theoretical Background}{}% 11
\BOOKMARK [0][-]{chapter.2}{Theoretical Background}{part.1}% 12
\BOOKMARK [1][-]{section.2.1}{Theory}{chapter.2}% 13
\BOOKMARK [2][-]{subsection.2.1.1}{Project Theory 1}{section.2.1}% 14
\BOOKMARK [1][-]{section.2.2}{Figures and Tables}{chapter.2}% 15
\BOOKMARK [0][-]{chapter.3}{Bayesian Inference}{part.1}% 16
\BOOKMARK [1][-]{section.3.1}{The Bayesian Paradigm}{chapter.3}% 17
\BOOKMARK [-1][-]{part.2}{II Methodology \046 Computational Approach}{}% 18
\BOOKMARK [0][-]{chapter.4}{Computational Approach}{part.2}% 19
\BOOKMARK [1][-]{section.4.1}{Method}{chapter.4}% 20
\BOOKMARK [2][-]{subsection.4.1.1}{Project Method 1}{section.4.1}% 21
\BOOKMARK [-1][-]{part.3}{III Results \046 Discussion}{}% 22
\BOOKMARK [0][-]{chapter.5}{Results and Discussion}{part.3}% 23
\BOOKMARK [1][-]{section.5.1}{Results}{chapter.5}% 24
\BOOKMARK [2][-]{subsection.5.1.1}{Project Results 1}{section.5.1}% 25
\BOOKMARK [-1][-]{part.4}{IV Conclusion \046 Future Research}{}% 26
\BOOKMARK [0][-]{chapter.6}{Conclusion \046 Future Research}{part.4}% 27
\BOOKMARK [1][-]{section.6.1}{Conclusion}{chapter.6}% 28
\BOOKMARK [1][-]{section.6.2}{Future Research}{chapter.6}% 29
\BOOKMARK [-1][-]{part*.21}{Appendices}{}% 30
\BOOKMARK [0][-]{appendix.A}{Appendix A}{part*.21}% 31
\BOOKMARK [1][-]{section.A.1}{Appendix.append\(stuff\)}{appendix.A}% 32
\BOOKMARK [0][-]{appendix.B}{Abbreviations and Units}{part*.21}% 33
\BOOKMARK [1][-]{section.B.1}{List of Abbreviations}{appendix.B}% 34
\BOOKMARK [1][-]{section.B.2}{Units}{appendix.B}% 35
